TN:
SF:/Users/phyrex/Documents/git/portal.network/tns/tns/contracts/TNS.sol
FNF:0
FNH:0
LF:0
LH:0
BRF:0
BRH:0
end_of_record
TN:
SF:/Users/phyrex/Documents/git/portal.network/tns/tns/contracts/TNSRegistrar.sol
FN:12,only_owner
FN:21,TNSRegistrar
FN:31,register
FNF:3
FNH:3
FNDA:6,only_owner
FNDA:9,TNSRegistrar
FNDA:6,register
DA:13,6
DA:14,6
DA:15,6
DA:22,9
DA:23,9
DA:32,6
LF:6
LH:6
BRDA:14,1,0,6
BRDA:14,1,1,0
BRF:2
BRH:1
end_of_record
TN:
SF:/Users/phyrex/Documents/git/portal.network/tns/tns/contracts/TNSRegistry.sol
FN:18,only_owner
FN:26,TNSRegistry
FN:35,setOwner
FN:46,setSubnodeOwner
FN:57,setResolver
FN:67,setTTL
FN:77,owner
FN:86,resolver
FN:95,ttl
FNF:9
FNH:7
FNDA:24,only_owner
FNDA:9,TNSRegistry
FNDA:8,setOwner
FNDA:12,setSubnodeOwner
FNDA:4,setResolver
FNDA:0,setTTL
FNDA:13,owner
FNDA:1,resolver
FNDA:0,ttl
DA:19,24
DA:20,24
DA:27,9
DA:36,8
DA:37,8
DA:47,12
DA:48,12
DA:49,12
DA:58,4
DA:59,4
DA:68,0
DA:69,0
DA:78,13
DA:87,1
DA:96,0
LF:15
LH:12
BRDA:19,1,0,24
BRDA:19,1,1,0
BRF:2
BRH:1
end_of_record
TN:
SF:/Users/phyrex/Documents/git/portal.network/tns/tns/contracts/TNSResolver.sol
FN:42,only_owner
FN:51,TNSResolver
FN:61,setAddr
FN:74,setContent
FN:86,setMultihash
FN:97,setName
FN:109,setText
FN:120,text
FN:129,name
FN:140,content
FN:150,multihash
FN:159,addr
FN:168,supportsInterface
FNF:13
FNH:9
FNDA:3,only_owner
FNDA:9,TNSResolver
FNDA:1,setAddr
FNDA:0,setContent
FNDA:1,setMultihash
FNDA:0,setName
FNDA:1,setText
FNDA:1,text
FNDA:0,name
FNDA:0,content
FNDA:1,multihash
FNDA:1,addr
FNDA:6,supportsInterface
DA:43,3
DA:44,3
DA:52,9
DA:62,1
DA:63,1
DA:75,0
DA:76,0
DA:87,1
DA:88,1
DA:98,0
DA:99,0
DA:110,1
DA:111,1
DA:121,1
DA:130,0
DA:141,0
DA:151,1
DA:160,1
DA:169,6
LF:19
LH:13
BRDA:43,1,0,3
BRDA:43,1,1,0
BRF:2
BRH:1
end_of_record
