{"contracts/TNS.sol":{"l":{},"path":"/Users/phyrex/Documents/git/portal.network/tns/tns/contracts/TNS.sol","s":{},"b":{},"f":{},"fnMap":{},"statementMap":{},"branchMap":{}},"contracts/TNSRegistrar.sol":{"l":{"13":6,"14":6,"15":6,"22":9,"23":9,"32":6},"path":"/Users/phyrex/Documents/git/portal.network/tns/tns/contracts/TNSRegistrar.sol","s":{"1":6,"2":6,"3":9,"4":9},"b":{"1":[6,0]},"f":{"1":6,"2":9,"3":6},"fnMap":{"1":{"name":"only_owner","line":12,"loc":{"start":{"line":12,"column":4},"end":{"line":12,"column":38}}},"2":{"name":"TNSRegistrar","line":21,"loc":{"start":{"line":21,"column":4},"end":{"line":21,"column":57}}},"3":{"name":"register","line":31,"loc":{"start":{"line":31,"column":4},"end":{"line":31,"column":78}}}},"statementMap":{"1":{"start":{"line":13,"column":8},"end":{"line":13,"column":69}},"2":{"start":{"line":14,"column":8},"end":{"line":14,"column":63}},"3":{"start":{"line":22,"column":8},"end":{"line":22,"column":20}},"4":{"start":{"line":23,"column":8},"end":{"line":23,"column":22}}},"branchMap":{"1":{"line":14,"type":"if","locations":[{"start":{"line":14,"column":8},"end":{"line":14,"column":8}},{"start":{"line":14,"column":8},"end":{"line":14,"column":8}}]}}},"contracts/TNSRegistry.sol":{"l":{"19":24,"20":24,"27":9,"36":8,"37":8,"47":12,"48":12,"49":12,"58":4,"59":4,"68":0,"69":0,"78":13,"87":1,"96":0},"path":"/Users/phyrex/Documents/git/portal.network/tns/tns/contracts/TNSRegistry.sol","s":{"1":24,"2":9,"3":8,"4":8,"5":12,"6":12,"7":12,"8":4,"9":4,"10":0,"11":0,"12":13,"13":1,"14":0},"b":{"1":[24,0]},"f":{"1":24,"2":9,"3":8,"4":12,"5":4,"6":0,"7":13,"8":1,"9":0},"fnMap":{"1":{"name":"only_owner","line":18,"loc":{"start":{"line":18,"column":4},"end":{"line":18,"column":35}}},"2":{"name":"TNSRegistry","line":26,"loc":{"start":{"line":26,"column":4},"end":{"line":26,"column":31}}},"3":{"name":"setOwner","line":35,"loc":{"start":{"line":35,"column":4},"end":{"line":35,"column":72}}},"4":{"name":"setSubnodeOwner","line":46,"loc":{"start":{"line":46,"column":4},"end":{"line":46,"column":94}}},"5":{"name":"setResolver","line":57,"loc":{"start":{"line":57,"column":4},"end":{"line":57,"column":78}}},"6":{"name":"setTTL","line":67,"loc":{"start":{"line":67,"column":4},"end":{"line":67,"column":67}}},"7":{"name":"owner","line":77,"loc":{"start":{"line":77,"column":4},"end":{"line":77,"column":60}}},"8":{"name":"resolver","line":86,"loc":{"start":{"line":86,"column":4},"end":{"line":86,"column":63}}},"9":{"name":"ttl","line":95,"loc":{"start":{"line":95,"column":4},"end":{"line":95,"column":57}}}},"statementMap":{"1":{"start":{"line":19,"column":8},"end":{"line":19,"column":49}},"2":{"start":{"line":27,"column":8},"end":{"line":27,"column":38}},"3":{"start":{"line":36,"column":8},"end":{"line":36,"column":28}},"4":{"start":{"line":37,"column":8},"end":{"line":37,"column":34}},"5":{"start":{"line":47,"column":8},"end":{"line":47,"column":44}},"6":{"start":{"line":48,"column":8},"end":{"line":48,"column":35}},"7":{"start":{"line":49,"column":8},"end":{"line":49,"column":37}},"8":{"start":{"line":58,"column":8},"end":{"line":58,"column":34}},"9":{"start":{"line":59,"column":8},"end":{"line":59,"column":40}},"10":{"start":{"line":68,"column":8},"end":{"line":68,"column":24}},"11":{"start":{"line":69,"column":8},"end":{"line":69,"column":30}},"12":{"start":{"line":78,"column":8},"end":{"line":78,"column":34}},"13":{"start":{"line":87,"column":8},"end":{"line":87,"column":37}},"14":{"start":{"line":96,"column":8},"end":{"line":96,"column":32}}},"branchMap":{"1":{"line":19,"type":"if","locations":[{"start":{"line":19,"column":8},"end":{"line":19,"column":8}},{"start":{"line":19,"column":8},"end":{"line":19,"column":8}}]}}},"contracts/TNSResolver.sol":{"l":{"43":3,"44":3,"52":9,"62":1,"63":1,"75":0,"76":0,"87":1,"88":1,"98":0,"99":0,"110":1,"111":1,"121":1,"130":0,"141":0,"151":1,"160":1,"169":6},"path":"/Users/phyrex/Documents/git/portal.network/tns/tns/contracts/TNSResolver.sol","s":{"1":3,"2":9,"3":1,"4":1,"5":0,"6":0,"7":1,"8":1,"9":0,"10":0,"11":1,"12":1,"13":1,"14":0,"15":0,"16":1,"17":1,"18":6},"b":{"1":[3,0]},"f":{"1":3,"2":9,"3":1,"4":0,"5":1,"6":0,"7":1,"8":1,"9":0,"10":0,"11":1,"12":1,"13":6},"fnMap":{"1":{"name":"only_owner","line":42,"loc":{"start":{"line":42,"column":4},"end":{"line":42,"column":35}}},"2":{"name":"TNSResolver","line":51,"loc":{"start":{"line":51,"column":4},"end":{"line":51,"column":42}}},"3":{"name":"setAddr","line":61,"loc":{"start":{"line":61,"column":4},"end":{"line":61,"column":70}}},"4":{"name":"setContent","line":74,"loc":{"start":{"line":74,"column":4},"end":{"line":74,"column":73}}},"5":{"name":"setMultihash","line":86,"loc":{"start":{"line":86,"column":4},"end":{"line":86,"column":85}}},"6":{"name":"setName","line":97,"loc":{"start":{"line":97,"column":4},"end":{"line":97,"column":69}}},"7":{"name":"setText","line":109,"loc":{"start":{"line":109,"column":4},"end":{"line":109,"column":82}}},"8":{"name":"text","line":120,"loc":{"start":{"line":120,"column":4},"end":{"line":120,"column":70}}},"9":{"name":"name","line":129,"loc":{"start":{"line":129,"column":4},"end":{"line":129,"column":58}}},"10":{"name":"content","line":140,"loc":{"start":{"line":140,"column":4},"end":{"line":140,"column":62}}},"11":{"name":"multihash","line":150,"loc":{"start":{"line":150,"column":4},"end":{"line":150,"column":74}}},"12":{"name":"addr","line":159,"loc":{"start":{"line":159,"column":4},"end":{"line":159,"column":59}}},"13":{"name":"supportsInterface","line":168,"loc":{"start":{"line":168,"column":4},"end":{"line":168,"column":75}}}},"statementMap":{"1":{"start":{"line":43,"column":8},"end":{"line":43,"column":45}},"2":{"start":{"line":52,"column":8},"end":{"line":52,"column":20}},"3":{"start":{"line":62,"column":8},"end":{"line":62,"column":32}},"4":{"start":{"line":63,"column":8},"end":{"line":63,"column":30}},"5":{"start":{"line":75,"column":8},"end":{"line":75,"column":35}},"6":{"start":{"line":76,"column":8},"end":{"line":76,"column":33}},"7":{"start":{"line":87,"column":8},"end":{"line":87,"column":42}},"8":{"start":{"line":88,"column":8},"end":{"line":88,"column":40}},"9":{"start":{"line":98,"column":8},"end":{"line":98,"column":32}},"10":{"start":{"line":99,"column":8},"end":{"line":99,"column":30}},"11":{"start":{"line":110,"column":8},"end":{"line":110,"column":38}},"12":{"start":{"line":111,"column":8},"end":{"line":111,"column":36}},"13":{"start":{"line":121,"column":8},"end":{"line":121,"column":38}},"14":{"start":{"line":130,"column":8},"end":{"line":130,"column":33}},"15":{"start":{"line":141,"column":8},"end":{"line":141,"column":36}},"16":{"start":{"line":151,"column":8},"end":{"line":151,"column":43}},"17":{"start":{"line":160,"column":8},"end":{"line":160,"column":33}},"18":{"start":{"line":169,"column":8},"end":{"line":169,"column":5593}}},"branchMap":{"1":{"line":43,"type":"if","locations":[{"start":{"line":43,"column":8},"end":{"line":43,"column":8}},{"start":{"line":43,"column":8},"end":{"line":43,"column":8}}]}}}}